2025-09-15 18:09:42,350:__init__:INFO:Creating cleaned_tweet folder structure
2025-09-15 18:09:42,350:save_cleaned_file:INFO:Cleaning data on train dataset
2025-09-15 18:09:43,458:save_cleaned_file:INFO:Cleaning data on test dataset
2025-09-15 18:09:44,699:save_cleaned_file:INFO:Created word-to-id mapping for entire vocabulary
2025-09-15 18:09:44,711:save_cleaned_file:INFO:Finished writting to vocab.json
2025-09-15 18:09:44,711:<module>:INFO:Successfully cleaned the tweet data and saved in cleaned_tweet folder
2025-09-15 18:09:45,073:main:INFO:Successfully created samples.
2025-09-15 18:09:45,278:main:INFO:Successfully created samples.
2025-09-15 18:09:45,980:train:INFO:Begin training for
SimpleWord2Vec_LogiR(
  (target_embedding): Embedding(3179, 64)
  (context_embedding): Embedding(3179, 64)
  (linear): Linear(in_features=128, out_features=1, bias=True)
)
2025-09-15 18:09:46,412:train:INFO:Epoch 10/100, Loss: 0.7172
2025-09-15 18:09:46,806:train:INFO:Epoch 20/100, Loss: 0.7138
2025-09-15 18:09:47,184:train:INFO:Epoch 30/100, Loss: 0.7106
2025-09-15 18:09:47,499:train:INFO:Epoch 40/100, Loss: 0.7076
2025-09-15 18:09:47,789:train:INFO:Epoch 50/100, Loss: 0.7048
2025-09-15 18:09:48,062:train:INFO:Epoch 60/100, Loss: 0.7021
2025-09-15 18:09:48,374:train:INFO:Epoch 70/100, Loss: 0.6996
2025-09-15 18:09:48,649:train:INFO:Epoch 80/100, Loss: 0.6973
2025-09-15 18:09:48,919:train:INFO:Epoch 90/100, Loss: 0.6950
2025-09-15 18:09:49,194:train:INFO:Epoch 100/100, Loss: 0.6929
2025-09-15 18:09:49,194:train:INFO:Training complete.
2025-09-15 18:09:49,194:train:INFO:Total train_loss = 70.53460049629211


2025-09-15 18:09:49,195:train:INFO:Begin training for
SimpleWord2Vec_FFNN(
  (target_embedding): Embedding(3179, 64)
  (context_embedding): Embedding(3179, 64)
  (layer1): Linear(in_features=128, out_features=32, bias=True)
  (layer2): Linear(in_features=32, out_features=32, bias=True)
  (layer3): Linear(in_features=32, out_features=1, bias=True)
)
2025-09-15 18:09:49,585:train:INFO:Epoch 10/100, Loss: 0.6946
2025-09-15 18:09:49,962:train:INFO:Epoch 20/100, Loss: 0.6942
2025-09-15 18:09:50,319:train:INFO:Epoch 30/100, Loss: 0.6937
2025-09-15 18:09:50,674:train:INFO:Epoch 40/100, Loss: 0.6933
2025-09-15 18:09:51,045:train:INFO:Epoch 50/100, Loss: 0.6928
2025-09-15 18:09:51,524:train:INFO:Epoch 60/100, Loss: 0.6924
2025-09-15 18:09:51,920:train:INFO:Epoch 70/100, Loss: 0.6920
2025-09-15 18:09:52,335:train:INFO:Epoch 80/100, Loss: 0.6916
2025-09-15 18:09:52,705:train:INFO:Epoch 90/100, Loss: 0.6913
2025-09-15 18:09:53,072:train:INFO:Epoch 100/100, Loss: 0.6909
2025-09-15 18:09:53,072:train:INFO:Training complete.
2025-09-15 18:09:53,072:train:INFO:Total train_loss = 69.28785121440887


2025-09-15 18:09:53,083:<module>:INFO:LogiR Test Loss: 0.7067, Accuracy: 0.5339
2025-09-15 18:09:53,095:<module>:INFO:FFNN Test Loss: 0.6897, Accuracy: 0.5297
